<?xml version="1.0" encoding="UTF-8"?>
<testsuite xmlns:xsi="http://www.w3.org/2001/XMLSchema-instance" xsi:noNamespaceSchemaLocation="https://maven.apache.org/surefire/maven-surefire-plugin/xsd/surefire-test-report.xsd" name="BnrCurrencyExtractorTest" time="1.253" tests="1" errors="0" skipped="0" failures="0">
  <properties>
    <property name="awt.toolkit" value="sun.awt.X11.XToolkit"/>
    <property name="java.specification.version" value="11"/>
    <property name="sun.cpu.isalist" value=""/>
    <property name="sun.jnu.encoding" value="UTF-8"/>
    <property name="java.class.path" value="/home/eu/FILES/Work/acct/workspace/acct/acct-currency-bnr/target/test-classes:/home/eu/FILES/Work/acct/workspace/acct/acct-currency-bnr/target/classes:/home/eu/FILES/Work/acct/workspace/acct/acct-currency-spec/target/acct-currency-spec-1.0.0-SNAPSHOT.jar:/home/eu/.m2/repository/org/apache/httpcomponents/httpclient/4.5.10/httpclient-4.5.10.jar:/home/eu/.m2/repository/org/apache/httpcomponents/httpcore/4.4.12/httpcore-4.4.12.jar:/home/eu/.m2/repository/commons-logging/commons-logging/1.2/commons-logging-1.2.jar:/home/eu/.m2/repository/commons-codec/commons-codec/1.13/commons-codec-1.13.jar:/home/eu/.m2/repository/junit/junit/4.13-rc-2/junit-4.13-rc-2.jar:/home/eu/.m2/repository/org/hamcrest/hamcrest-core/2.1/hamcrest-core-2.1.jar:/home/eu/.m2/repository/org/hamcrest/hamcrest/2.1/hamcrest-2.1.jar:"/>
    <property name="java.vm.vendor" value="Oracle Corporation"/>
    <property name="sun.arch.data.model" value="64"/>
    <property name="java.vendor.url" value="https://openjdk.java.net/"/>
    <property name="user.timezone" value=""/>
    <property name="java.vm.specification.version" value="11"/>
    <property name="os.name" value="Linux"/>
    <property name="sun.java.launcher" value="SUN_STANDARD"/>
    <property name="user.country" value="US"/>
    <property name="sun.boot.library.path" value="/usr/lib64/jvm/java-11-openjdk-11/lib"/>
    <property name="sun.java.command" value="/home/eu/FILES/Work/acct/workspace/acct/acct-currency-bnr/target/surefire/surefirebooter6217300294229080370.jar /home/eu/FILES/Work/acct/workspace/acct/acct-currency-bnr/target/surefire 2020-11-15T13-24-37_754-jvmRun1 surefire6817332932340734897tmp surefire_012965063936938891988tmp"/>
    <property name="jdk.debug" value="release"/>
    <property name="surefire.test.class.path" value="/home/eu/FILES/Work/acct/workspace/acct/acct-currency-bnr/target/test-classes:/home/eu/FILES/Work/acct/workspace/acct/acct-currency-bnr/target/classes:/home/eu/FILES/Work/acct/workspace/acct/acct-currency-spec/target/acct-currency-spec-1.0.0-SNAPSHOT.jar:/home/eu/.m2/repository/org/apache/httpcomponents/httpclient/4.5.10/httpclient-4.5.10.jar:/home/eu/.m2/repository/org/apache/httpcomponents/httpcore/4.4.12/httpcore-4.4.12.jar:/home/eu/.m2/repository/commons-logging/commons-logging/1.2/commons-logging-1.2.jar:/home/eu/.m2/repository/commons-codec/commons-codec/1.13/commons-codec-1.13.jar:/home/eu/.m2/repository/junit/junit/4.13-rc-2/junit-4.13-rc-2.jar:/home/eu/.m2/repository/org/hamcrest/hamcrest-core/2.1/hamcrest-core-2.1.jar:/home/eu/.m2/repository/org/hamcrest/hamcrest/2.1/hamcrest-2.1.jar:"/>
    <property name="sun.cpu.endian" value="little"/>
    <property name="user.home" value="/home/eu"/>
    <property name="user.language" value="en"/>
    <property name="java.specification.vendor" value="Oracle Corporation"/>
    <property name="java.version.date" value="2020-07-14"/>
    <property name="java.home" value="/usr/lib64/jvm/java-11-openjdk-11"/>
    <property name="file.separator" value="/"/>
    <property name="basedir" value="/home/eu/FILES/Work/acct/workspace/acct/acct-currency-bnr"/>
    <property name="java.vm.compressedOopsMode" value="32-bit"/>
    <property name="line.separator" value="&#10;"/>
    <property name="java.specification.name" value="Java Platform API Specification"/>
    <property name="java.vm.specification.vendor" value="Oracle Corporation"/>
    <property name="java.awt.graphicsenv" value="sun.awt.X11GraphicsEnvironment"/>
    <property name="surefire.real.class.path" value="/home/eu/FILES/Work/acct/workspace/acct/acct-currency-bnr/target/surefire/surefirebooter6217300294229080370.jar"/>
    <property name="sun.management.compiler" value="HotSpot 64-Bit Tiered Compilers"/>
    <property name="java.runtime.version" value="11.0.8+10-suse-lp151.3.19.1-x8664"/>
    <property name="user.name" value="eu"/>
    <property name="path.separator" value=":"/>
    <property name="os.version" value="4.12.14-lp151.28.10-default"/>
    <property name="java.runtime.name" value="OpenJDK Runtime Environment"/>
    <property name="file.encoding" value="UTF-8"/>
    <property name="java.vm.name" value="OpenJDK 64-Bit Server VM"/>
    <property name="localRepository" value="/home/eu/.m2/repository"/>
    <property name="java.vendor.url.bug" value="https://bugreport.java.com/bugreport/"/>
    <property name="java.io.tmpdir" value="/tmp"/>
    <property name="java.version" value="11.0.8"/>
    <property name="user.dir" value="/home/eu/FILES/Work/acct/workspace/acct/acct-currency-bnr"/>
    <property name="os.arch" value="amd64"/>
    <property name="java.vm.specification.name" value="Java Virtual Machine Specification"/>
    <property name="java.awt.printerjob" value="sun.print.PSPrinterJob"/>
    <property name="sun.os.patch.level" value="unknown"/>
    <property name="java.library.path" value="/usr/java/packages/lib:/usr/lib64:/lib64:/lib:/usr/lib"/>
    <property name="java.vm.info" value="mixed mode"/>
    <property name="java.vendor" value="N/A"/>
    <property name="java.vm.version" value="11.0.8+10-suse-lp151.3.19.1-x8664"/>
    <property name="sun.io.unicode.encoding" value="UnicodeLittle"/>
    <property name="java.class.version" value="55.0"/>
  </properties>
  <testcase name="test" classname="BnrCurrencyExtractorTest" time="1.122"/>
</testsuite>